[2024-06-04 12:34:02,125] multiqc                                            [DEBUG  ]  This is MultiQC v1.12
[2024-06-04 12:34:02,125] multiqc                                            [DEBUG  ]  No MultiQC config found: /opt/anaconda/anaconda3/lib/python3.9/site-packages/multiqc_config.yaml
[2024-06-04 12:34:02,125] multiqc                                            [DEBUG  ]  No MultiQC config found: /home/sr320/.multiqc_config.yaml
[2024-06-04 12:34:02,125] multiqc                                            [DEBUG  ]  No MultiQC config found: multiqc_config.yaml
[2024-06-04 12:34:02,125] multiqc                                            [DEBUG  ]  Command used: /opt/anaconda/anaconda3/bin/multiqc ../output/03-kallisto/ -o ../output/03-kallisto/
[2024-06-04 12:34:02,985] multiqc                                            [WARNING]  MultiQC Version v1.22.2 now available!
[2024-06-04 12:34:02,985] multiqc                                            [DEBUG  ]  Command     : /opt/anaconda/anaconda3/bin/multiqc ../output/03-kallisto/ -o ../output/03-kallisto/
[2024-06-04 12:34:02,985] multiqc                                            [DEBUG  ]  Working dir : /home/shared/8TB_HDD_03/sr320/github/laby-18s/code
[2024-06-04 12:34:02,985] multiqc                                            [DEBUG  ]  Template    : default
[2024-06-04 12:34:02,985] multiqc                                            [DEBUG  ]  Running Python 3.9.7 (default, Sep 16 2021, 13:09:58)  [GCC 7.5.0]
[2024-06-04 12:34:02,986] multiqc                                            [DEBUG  ]  Analysing modules: custom_content, ccs, ngsderive, purple, conpair, lima, peddy, somalier, methylQA, mosdepth, phantompeakqualtools, qualimap, preseq, quast, qorts, rna_seqc, rockhopper, rsem, rseqc, busco, bustools, goleft_indexcov, gffcompare, disambiguate, supernova, deeptools, sargasso, verifybamid, mirtrace, happy, mirtop, sambamba, homer, hops, macs2, theta2, snpeff, gatk, htseq, bcftools, featureCounts, fgbio, dragen, dedup, pbmarkdup, damageprofiler, biobambam2, jcvi, mtnucratio, picard, vep, sentieon, prokka, qc3C, nanostat, samblaster, samtools, sexdeterrmine, eigenstratdatabasetools, bamtools, jellyfish, vcftools, longranger, stacks, varscan2, snippy, bbmap, bismark, biscuit, hicexplorer, hicup, hicpro, salmon, kallisto, slamdunk, star, hisat2, tophat, bowtie2, bowtie1, snpsplit, odgi, pangolin, kat, leehom, adapterRemoval, clipandmerge, cutadapt, flexbar, kaiju, kraken, malt, trimmomatic, sickle, skewer, sortmerna, biobloomtools, fastq_screen, afterqc, fastp, fastqc, pychopper, pycoqc, minionqc, multivcfanalyzer, clusterflow, checkqc, bcl2fastq, bclconvert, interop, ivar, flash, seqyclean, optitype, whatshap
[2024-06-04 12:34:02,987] multiqc                                            [DEBUG  ]  Using temporary directory for creating report: /tmp/tmps6pgelop
[2024-06-04 12:34:03,072] multiqc                                            [INFO   ]  Search path : /home/shared/8TB_HDD_03/sr320/github/laby-18s/output/03-kallisto
[2024-06-04 12:34:03,185] multiqc                                            [DEBUG  ]  File ignored by ccs/v4 because it exceeded search pattern filesize limit: 18slaby.index
[2024-06-04 12:34:03,186] multiqc                                            [DEBUG  ]  File ignored by hicexplorer because it exceeded search pattern filesize limit: 18slaby.index
[2024-06-04 12:34:03,186] multiqc                                            [DEBUG  ]  File ignored by lima/summary because it exceeded search pattern filesize limit: 18slaby.index
[2024-06-04 12:34:03,187] multiqc                                            [DEBUG  ]  File ignored by vep/vep_txt because it exceeded search pattern filesize limit: 18slaby.index
[2024-06-04 12:34:03,187] multiqc                                            [DEBUG  ]  File ignored by longranger/invocation because it exceeded search pattern filesize limit: 18slaby.index
[2024-06-04 12:34:03,187] multiqc                                            [DEBUG  ]  File ignored by rockhopper because it exceeded search pattern filesize limit: 18slaby.index
[2024-06-04 12:34:03,187] multiqc                                            [DEBUG  ]  File ignored by rseqc/bam_stat because it exceeded search pattern filesize limit: 18slaby.index
[2024-06-04 12:34:03,187] multiqc                                            [DEBUG  ]  File ignored by rseqc/junction_annotation because it exceeded search pattern filesize limit: 18slaby.index
[2024-06-04 12:34:03,187] multiqc                                            [DEBUG  ]  File ignored by rseqc/read_distribution because it exceeded search pattern filesize limit: 18slaby.index
[2024-06-04 12:34:03,187] multiqc                                            [DEBUG  ]  File ignored by rseqc/infer_experiment because it exceeded search pattern filesize limit: 18slaby.index
[2024-06-04 12:34:03,188] multiqc                                            [DEBUG  ]  File ignored by nanostat because it exceeded search pattern filesize limit: 18slaby.index
[2024-06-04 12:34:03,271] multiqc                                            [DEBUG  ]  File ignored by ccs/v4 because it exceeded search pattern filesize limit: abundance.h5
[2024-06-04 12:34:03,271] multiqc                                            [DEBUG  ]  File ignored by hicexplorer because it exceeded search pattern filesize limit: abundance.h5
[2024-06-04 12:34:03,271] multiqc                                            [DEBUG  ]  File ignored by lima/summary because it exceeded search pattern filesize limit: abundance.h5
[2024-06-04 12:34:03,272] multiqc                                            [DEBUG  ]  File ignored by longranger/invocation because it exceeded search pattern filesize limit: abundance.h5
[2024-06-04 12:34:03,273] multiqc                                            [DEBUG  ]  File ignored by nanostat because it exceeded search pattern filesize limit: abundance.h5
[2024-06-04 12:34:03,274] multiqc                                            [DEBUG  ]  File ignored by ccs/v4 because it exceeded search pattern filesize limit: abundance.tsv
[2024-06-04 12:34:03,275] multiqc                                            [DEBUG  ]  File ignored by lima/summary because it exceeded search pattern filesize limit: abundance.tsv
[2024-06-04 12:34:03,276] multiqc                                            [DEBUG  ]  File ignored by longranger/invocation because it exceeded search pattern filesize limit: abundance.tsv
[2024-06-04 12:34:03,284] multiqc                                            [DEBUG  ]  File ignored by ccs/v4 because it exceeded search pattern filesize limit: abundance.h5
[2024-06-04 12:34:03,284] multiqc                                            [DEBUG  ]  File ignored by hicexplorer because it exceeded search pattern filesize limit: abundance.h5
[2024-06-04 12:34:03,284] multiqc                                            [DEBUG  ]  File ignored by lima/summary because it exceeded search pattern filesize limit: abundance.h5
[2024-06-04 12:34:03,285] multiqc                                            [DEBUG  ]  File ignored by longranger/invocation because it exceeded search pattern filesize limit: abundance.h5
[2024-06-04 12:34:03,286] multiqc                                            [DEBUG  ]  File ignored by nanostat because it exceeded search pattern filesize limit: abundance.h5
[2024-06-04 12:34:03,287] multiqc                                            [DEBUG  ]  File ignored by ccs/v4 because it exceeded search pattern filesize limit: abundance.tsv
[2024-06-04 12:34:03,288] multiqc                                            [DEBUG  ]  File ignored by lima/summary because it exceeded search pattern filesize limit: abundance.tsv
[2024-06-04 12:34:03,289] multiqc                                            [DEBUG  ]  File ignored by longranger/invocation because it exceeded search pattern filesize limit: abundance.tsv
[2024-06-04 12:34:03,296] multiqc                                            [DEBUG  ]  File ignored by ccs/v4 because it exceeded search pattern filesize limit: abundance.h5
[2024-06-04 12:34:03,297] multiqc                                            [DEBUG  ]  File ignored by hicexplorer because it exceeded search pattern filesize limit: abundance.h5
[2024-06-04 12:34:03,297] multiqc                                            [DEBUG  ]  File ignored by lima/summary because it exceeded search pattern filesize limit: abundance.h5
[2024-06-04 12:34:03,297] multiqc                                            [DEBUG  ]  File ignored by longranger/invocation because it exceeded search pattern filesize limit: abundance.h5
[2024-06-04 12:34:03,298] multiqc                                            [DEBUG  ]  File ignored by nanostat because it exceeded search pattern filesize limit: abundance.h5
[2024-06-04 12:34:03,300] multiqc                                            [DEBUG  ]  File ignored by ccs/v4 because it exceeded search pattern filesize limit: abundance.tsv
[2024-06-04 12:34:03,300] multiqc                                            [DEBUG  ]  File ignored by lima/summary because it exceeded search pattern filesize limit: abundance.tsv
[2024-06-04 12:34:03,301] multiqc                                            [DEBUG  ]  File ignored by longranger/invocation because it exceeded search pattern filesize limit: abundance.tsv
[2024-06-04 12:34:03,309] multiqc                                            [DEBUG  ]  File ignored by ccs/v4 because it exceeded search pattern filesize limit: abundance.h5
[2024-06-04 12:34:03,309] multiqc                                            [DEBUG  ]  File ignored by hicexplorer because it exceeded search pattern filesize limit: abundance.h5
[2024-06-04 12:34:03,309] multiqc                                            [DEBUG  ]  File ignored by lima/summary because it exceeded search pattern filesize limit: abundance.h5
[2024-06-04 12:34:03,310] multiqc                                            [DEBUG  ]  File ignored by longranger/invocation because it exceeded search pattern filesize limit: abundance.h5
[2024-06-04 12:34:03,311] multiqc                                            [DEBUG  ]  File ignored by nanostat because it exceeded search pattern filesize limit: abundance.h5
[2024-06-04 12:34:03,312] multiqc                                            [DEBUG  ]  File ignored by ccs/v4 because it exceeded search pattern filesize limit: abundance.tsv
[2024-06-04 12:34:03,313] multiqc                                            [DEBUG  ]  File ignored by lima/summary because it exceeded search pattern filesize limit: abundance.tsv
[2024-06-04 12:34:03,314] multiqc                                            [DEBUG  ]  File ignored by longranger/invocation because it exceeded search pattern filesize limit: abundance.tsv
[2024-06-04 12:34:03,321] multiqc                                            [DEBUG  ]  File ignored by ccs/v4 because it exceeded search pattern filesize limit: abundance.h5
[2024-06-04 12:34:03,321] multiqc                                            [DEBUG  ]  File ignored by hicexplorer because it exceeded search pattern filesize limit: abundance.h5
[2024-06-04 12:34:03,322] multiqc                                            [DEBUG  ]  File ignored by lima/summary because it exceeded search pattern filesize limit: abundance.h5
[2024-06-04 12:34:03,322] multiqc                                            [DEBUG  ]  File ignored by longranger/invocation because it exceeded search pattern filesize limit: abundance.h5
[2024-06-04 12:34:03,323] multiqc                                            [DEBUG  ]  File ignored by nanostat because it exceeded search pattern filesize limit: abundance.h5
[2024-06-04 12:34:03,325] multiqc                                            [DEBUG  ]  File ignored by ccs/v4 because it exceeded search pattern filesize limit: abundance.tsv
[2024-06-04 12:34:03,325] multiqc                                            [DEBUG  ]  File ignored by lima/summary because it exceeded search pattern filesize limit: abundance.tsv
[2024-06-04 12:34:03,326] multiqc                                            [DEBUG  ]  File ignored by longranger/invocation because it exceeded search pattern filesize limit: abundance.tsv
[2024-06-04 12:34:03,334] multiqc                                            [DEBUG  ]  File ignored by ccs/v4 because it exceeded search pattern filesize limit: abundance.h5
[2024-06-04 12:34:03,334] multiqc                                            [DEBUG  ]  File ignored by hicexplorer because it exceeded search pattern filesize limit: abundance.h5
[2024-06-04 12:34:03,334] multiqc                                            [DEBUG  ]  File ignored by lima/summary because it exceeded search pattern filesize limit: abundance.h5
[2024-06-04 12:34:03,335] multiqc                                            [DEBUG  ]  File ignored by longranger/invocation because it exceeded search pattern filesize limit: abundance.h5
[2024-06-04 12:34:03,336] multiqc                                            [DEBUG  ]  File ignored by nanostat because it exceeded search pattern filesize limit: abundance.h5
[2024-06-04 12:34:03,337] multiqc                                            [DEBUG  ]  File ignored by ccs/v4 because it exceeded search pattern filesize limit: abundance.tsv
[2024-06-04 12:34:03,338] multiqc                                            [DEBUG  ]  File ignored by lima/summary because it exceeded search pattern filesize limit: abundance.tsv
[2024-06-04 12:34:03,338] multiqc                                            [DEBUG  ]  File ignored by longranger/invocation because it exceeded search pattern filesize limit: abundance.tsv
[2024-06-04 12:34:03,346] multiqc                                            [DEBUG  ]  File ignored by ccs/v4 because it exceeded search pattern filesize limit: abundance.h5
[2024-06-04 12:34:03,346] multiqc                                            [DEBUG  ]  File ignored by hicexplorer because it exceeded search pattern filesize limit: abundance.h5
[2024-06-04 12:34:03,346] multiqc                                            [DEBUG  ]  File ignored by lima/summary because it exceeded search pattern filesize limit: abundance.h5
[2024-06-04 12:34:03,347] multiqc                                            [DEBUG  ]  File ignored by longranger/invocation because it exceeded search pattern filesize limit: abundance.h5
[2024-06-04 12:34:03,348] multiqc                                            [DEBUG  ]  File ignored by nanostat because it exceeded search pattern filesize limit: abundance.h5
[2024-06-04 12:34:03,350] multiqc                                            [DEBUG  ]  File ignored by ccs/v4 because it exceeded search pattern filesize limit: abundance.tsv
[2024-06-04 12:34:03,350] multiqc                                            [DEBUG  ]  File ignored by lima/summary because it exceeded search pattern filesize limit: abundance.tsv
[2024-06-04 12:34:03,351] multiqc                                            [DEBUG  ]  File ignored by longranger/invocation because it exceeded search pattern filesize limit: abundance.tsv
[2024-06-04 12:34:03,358] multiqc                                            [DEBUG  ]  File ignored by ccs/v4 because it exceeded search pattern filesize limit: abundance.h5
[2024-06-04 12:34:03,359] multiqc                                            [DEBUG  ]  File ignored by hicexplorer because it exceeded search pattern filesize limit: abundance.h5
[2024-06-04 12:34:03,359] multiqc                                            [DEBUG  ]  File ignored by lima/summary because it exceeded search pattern filesize limit: abundance.h5
[2024-06-04 12:34:03,360] multiqc                                            [DEBUG  ]  File ignored by longranger/invocation because it exceeded search pattern filesize limit: abundance.h5
[2024-06-04 12:34:03,361] multiqc                                            [DEBUG  ]  File ignored by nanostat because it exceeded search pattern filesize limit: abundance.h5
[2024-06-04 12:34:03,362] multiqc                                            [DEBUG  ]  File ignored by ccs/v4 because it exceeded search pattern filesize limit: abundance.tsv
[2024-06-04 12:34:03,362] multiqc                                            [DEBUG  ]  File ignored by lima/summary because it exceeded search pattern filesize limit: abundance.tsv
[2024-06-04 12:34:03,363] multiqc                                            [DEBUG  ]  File ignored by longranger/invocation because it exceeded search pattern filesize limit: abundance.tsv
[2024-06-04 12:34:03,371] multiqc                                            [DEBUG  ]  File ignored by ccs/v4 because it exceeded search pattern filesize limit: abundance.h5
[2024-06-04 12:34:03,371] multiqc                                            [DEBUG  ]  File ignored by hicexplorer because it exceeded search pattern filesize limit: abundance.h5
[2024-06-04 12:34:03,371] multiqc                                            [DEBUG  ]  File ignored by lima/summary because it exceeded search pattern filesize limit: abundance.h5
[2024-06-04 12:34:03,372] multiqc                                            [DEBUG  ]  File ignored by longranger/invocation because it exceeded search pattern filesize limit: abundance.h5
[2024-06-04 12:34:03,373] multiqc                                            [DEBUG  ]  File ignored by nanostat because it exceeded search pattern filesize limit: abundance.h5
[2024-06-04 12:34:03,374] multiqc                                            [DEBUG  ]  File ignored by ccs/v4 because it exceeded search pattern filesize limit: abundance.tsv
[2024-06-04 12:34:03,375] multiqc                                            [DEBUG  ]  File ignored by lima/summary because it exceeded search pattern filesize limit: abundance.tsv
[2024-06-04 12:34:03,376] multiqc                                            [DEBUG  ]  File ignored by longranger/invocation because it exceeded search pattern filesize limit: abundance.tsv
[2024-06-04 12:34:03,384] multiqc                                            [DEBUG  ]  File ignored by ccs/v4 because it exceeded search pattern filesize limit: abundance.h5
[2024-06-04 12:34:03,384] multiqc                                            [DEBUG  ]  File ignored by hicexplorer because it exceeded search pattern filesize limit: abundance.h5
[2024-06-04 12:34:03,384] multiqc                                            [DEBUG  ]  File ignored by lima/summary because it exceeded search pattern filesize limit: abundance.h5
[2024-06-04 12:34:03,385] multiqc                                            [DEBUG  ]  File ignored by longranger/invocation because it exceeded search pattern filesize limit: abundance.h5
[2024-06-04 12:34:03,386] multiqc                                            [DEBUG  ]  File ignored by nanostat because it exceeded search pattern filesize limit: abundance.h5
[2024-06-04 12:34:03,387] multiqc                                            [DEBUG  ]  File ignored by ccs/v4 because it exceeded search pattern filesize limit: abundance.tsv
[2024-06-04 12:34:03,388] multiqc                                            [DEBUG  ]  File ignored by lima/summary because it exceeded search pattern filesize limit: abundance.tsv
[2024-06-04 12:34:03,389] multiqc                                            [DEBUG  ]  File ignored by longranger/invocation because it exceeded search pattern filesize limit: abundance.tsv
[2024-06-04 12:34:03,396] multiqc                                            [DEBUG  ]  File ignored by ccs/v4 because it exceeded search pattern filesize limit: abundance.h5
[2024-06-04 12:34:03,396] multiqc                                            [DEBUG  ]  File ignored by hicexplorer because it exceeded search pattern filesize limit: abundance.h5
[2024-06-04 12:34:03,397] multiqc                                            [DEBUG  ]  File ignored by lima/summary because it exceeded search pattern filesize limit: abundance.h5
[2024-06-04 12:34:03,397] multiqc                                            [DEBUG  ]  File ignored by longranger/invocation because it exceeded search pattern filesize limit: abundance.h5
[2024-06-04 12:34:03,398] multiqc                                            [DEBUG  ]  File ignored by nanostat because it exceeded search pattern filesize limit: abundance.h5
[2024-06-04 12:34:03,400] multiqc                                            [DEBUG  ]  File ignored by ccs/v4 because it exceeded search pattern filesize limit: abundance.tsv
[2024-06-04 12:34:03,400] multiqc                                            [DEBUG  ]  File ignored by lima/summary because it exceeded search pattern filesize limit: abundance.tsv
[2024-06-04 12:34:03,401] multiqc                                            [DEBUG  ]  File ignored by longranger/invocation because it exceeded search pattern filesize limit: abundance.tsv
[2024-06-04 12:34:03,409] multiqc                                            [DEBUG  ]  File ignored by ccs/v4 because it exceeded search pattern filesize limit: abundance.h5
[2024-06-04 12:34:03,409] multiqc                                            [DEBUG  ]  File ignored by hicexplorer because it exceeded search pattern filesize limit: abundance.h5
[2024-06-04 12:34:03,409] multiqc                                            [DEBUG  ]  File ignored by lima/summary because it exceeded search pattern filesize limit: abundance.h5
[2024-06-04 12:34:03,410] multiqc                                            [DEBUG  ]  File ignored by longranger/invocation because it exceeded search pattern filesize limit: abundance.h5
[2024-06-04 12:34:03,411] multiqc                                            [DEBUG  ]  File ignored by nanostat because it exceeded search pattern filesize limit: abundance.h5
[2024-06-04 12:34:03,412] multiqc                                            [DEBUG  ]  File ignored by ccs/v4 because it exceeded search pattern filesize limit: abundance.tsv
[2024-06-04 12:34:03,413] multiqc                                            [DEBUG  ]  File ignored by lima/summary because it exceeded search pattern filesize limit: abundance.tsv
[2024-06-04 12:34:03,413] multiqc                                            [DEBUG  ]  File ignored by longranger/invocation because it exceeded search pattern filesize limit: abundance.tsv
[2024-06-04 12:34:03,421] multiqc                                            [DEBUG  ]  File ignored by ccs/v4 because it exceeded search pattern filesize limit: abundance.h5
[2024-06-04 12:34:03,421] multiqc                                            [DEBUG  ]  File ignored by hicexplorer because it exceeded search pattern filesize limit: abundance.h5
[2024-06-04 12:34:03,421] multiqc                                            [DEBUG  ]  File ignored by lima/summary because it exceeded search pattern filesize limit: abundance.h5
[2024-06-04 12:34:03,422] multiqc                                            [DEBUG  ]  File ignored by longranger/invocation because it exceeded search pattern filesize limit: abundance.h5
[2024-06-04 12:34:03,423] multiqc                                            [DEBUG  ]  File ignored by nanostat because it exceeded search pattern filesize limit: abundance.h5
[2024-06-04 12:34:03,424] multiqc                                            [DEBUG  ]  File ignored by ccs/v4 because it exceeded search pattern filesize limit: abundance.tsv
[2024-06-04 12:34:03,425] multiqc                                            [DEBUG  ]  File ignored by lima/summary because it exceeded search pattern filesize limit: abundance.tsv
[2024-06-04 12:34:03,426] multiqc                                            [DEBUG  ]  File ignored by longranger/invocation because it exceeded search pattern filesize limit: abundance.tsv
[2024-06-04 12:34:03,433] multiqc                                            [DEBUG  ]  File ignored by ccs/v4 because it exceeded search pattern filesize limit: abundance.h5
[2024-06-04 12:34:03,434] multiqc                                            [DEBUG  ]  File ignored by hicexplorer because it exceeded search pattern filesize limit: abundance.h5
[2024-06-04 12:34:03,434] multiqc                                            [DEBUG  ]  File ignored by lima/summary because it exceeded search pattern filesize limit: abundance.h5
[2024-06-04 12:34:03,434] multiqc                                            [DEBUG  ]  File ignored by longranger/invocation because it exceeded search pattern filesize limit: abundance.h5
[2024-06-04 12:34:03,436] multiqc                                            [DEBUG  ]  File ignored by nanostat because it exceeded search pattern filesize limit: abundance.h5
[2024-06-04 12:34:03,437] multiqc                                            [DEBUG  ]  File ignored by ccs/v4 because it exceeded search pattern filesize limit: abundance.tsv
[2024-06-04 12:34:03,437] multiqc                                            [DEBUG  ]  File ignored by lima/summary because it exceeded search pattern filesize limit: abundance.tsv
[2024-06-04 12:34:03,438] multiqc                                            [DEBUG  ]  File ignored by longranger/invocation because it exceeded search pattern filesize limit: abundance.tsv
[2024-06-04 12:34:03,446] multiqc                                            [DEBUG  ]  File ignored by ccs/v4 because it exceeded search pattern filesize limit: abundance.h5
[2024-06-04 12:34:03,446] multiqc                                            [DEBUG  ]  File ignored by hicexplorer because it exceeded search pattern filesize limit: abundance.h5
[2024-06-04 12:34:03,446] multiqc                                            [DEBUG  ]  File ignored by lima/summary because it exceeded search pattern filesize limit: abundance.h5
[2024-06-04 12:34:03,447] multiqc                                            [DEBUG  ]  File ignored by longranger/invocation because it exceeded search pattern filesize limit: abundance.h5
[2024-06-04 12:34:03,448] multiqc                                            [DEBUG  ]  File ignored by nanostat because it exceeded search pattern filesize limit: abundance.h5
[2024-06-04 12:34:03,449] multiqc                                            [DEBUG  ]  File ignored by ccs/v4 because it exceeded search pattern filesize limit: abundance.tsv
[2024-06-04 12:34:03,450] multiqc                                            [DEBUG  ]  File ignored by lima/summary because it exceeded search pattern filesize limit: abundance.tsv
[2024-06-04 12:34:03,451] multiqc                                            [DEBUG  ]  File ignored by longranger/invocation because it exceeded search pattern filesize limit: abundance.tsv
[2024-06-04 12:34:03,458] multiqc                                            [DEBUG  ]  File ignored by ccs/v4 because it exceeded search pattern filesize limit: abundance.h5
[2024-06-04 12:34:03,458] multiqc                                            [DEBUG  ]  File ignored by hicexplorer because it exceeded search pattern filesize limit: abundance.h5
[2024-06-04 12:34:03,458] multiqc                                            [DEBUG  ]  File ignored by lima/summary because it exceeded search pattern filesize limit: abundance.h5
[2024-06-04 12:34:03,459] multiqc                                            [DEBUG  ]  File ignored by longranger/invocation because it exceeded search pattern filesize limit: abundance.h5
[2024-06-04 12:34:03,460] multiqc                                            [DEBUG  ]  File ignored by nanostat because it exceeded search pattern filesize limit: abundance.h5
[2024-06-04 12:34:03,462] multiqc                                            [DEBUG  ]  File ignored by ccs/v4 because it exceeded search pattern filesize limit: abundance.tsv
[2024-06-04 12:34:03,462] multiqc                                            [DEBUG  ]  File ignored by lima/summary because it exceeded search pattern filesize limit: abundance.tsv
[2024-06-04 12:34:03,463] multiqc                                            [DEBUG  ]  File ignored by longranger/invocation because it exceeded search pattern filesize limit: abundance.tsv
[2024-06-04 12:34:03,470] multiqc                                            [DEBUG  ]  File ignored by ccs/v4 because it exceeded search pattern filesize limit: abundance.h5
[2024-06-04 12:34:03,471] multiqc                                            [DEBUG  ]  File ignored by hicexplorer because it exceeded search pattern filesize limit: abundance.h5
[2024-06-04 12:34:03,471] multiqc                                            [DEBUG  ]  File ignored by lima/summary because it exceeded search pattern filesize limit: abundance.h5
[2024-06-04 12:34:03,471] multiqc                                            [DEBUG  ]  File ignored by longranger/invocation because it exceeded search pattern filesize limit: abundance.h5
[2024-06-04 12:34:03,473] multiqc                                            [DEBUG  ]  File ignored by nanostat because it exceeded search pattern filesize limit: abundance.h5
[2024-06-04 12:34:03,474] multiqc                                            [DEBUG  ]  File ignored by ccs/v4 because it exceeded search pattern filesize limit: abundance.tsv
[2024-06-04 12:34:03,474] multiqc                                            [DEBUG  ]  File ignored by lima/summary because it exceeded search pattern filesize limit: abundance.tsv
[2024-06-04 12:34:03,475] multiqc                                            [DEBUG  ]  File ignored by longranger/invocation because it exceeded search pattern filesize limit: abundance.tsv
[2024-06-04 12:34:04,616] multiqc.plots.bargraph                             [DEBUG  ]  Using matplotlib version 3.4.3
[2024-06-04 12:34:04,671] multiqc.modules.kallisto.kallisto                  [INFO   ]  Found 17 reports
[2024-06-04 12:34:04,686] multiqc                                            [INFO   ]  Compressing plot data
[2024-06-04 12:34:04,689] multiqc                                            [INFO   ]  Report      : ../output/03-kallisto/multiqc_report.html
[2024-06-04 12:34:04,689] multiqc                                            [INFO   ]  Data        : ../output/03-kallisto/multiqc_data
[2024-06-04 12:34:04,689] multiqc                                            [DEBUG  ]  Moving data file from '/tmp/tmps6pgelop/multiqc_data' to '../output/03-kallisto/multiqc_data'
[2024-06-04 12:34:04,852] multiqc                                            [INFO   ]  MultiQC complete
